Autoscaling: threshold =  -146.170         saturation =   468.322    
Autoscaling: threshold =  -146.170         saturation =   468.322    
   r      x0      y0      I0    alpha  ellip I(3x)  A(3x)  I(4x)  A(4x) slope
   7.0 1502.57 1500.89  16620. 143.65 0.064 0.0012  63.97 0.0035  66.36 -0.69
  10.4 1502.54 1500.96  11007. 146.84 0.074 0.0046 111.55 0.0026  79.15 -1.17
  15.0 1502.53 1500.93   6744. 149.74 0.070 0.0038 110.14 0.0027  79.52 -1.51
  20.9 1502.47 1500.95   3888. 146.15 0.062 0.0033  89.87 0.0037   3.38 -1.78
  28.4 1502.32 1501.11   2300. 143.68 0.065 0.0053  87.43 0.0053  65.76 -1.78
  37.8 1502.55 1501.18   1453. 143.84 0.070 0.0073  98.88 0.0049  12.42 -1.77
  49.3 1502.71 1501.08    875. 142.52 0.063 0.0066  66.55 0.0118  33.53 -2.12
  63.3 1502.72 1501.02    491. 137.19 0.033 0.0267  96.36 0.0349  38.87 -2.43
  80.1 1503.62 1501.36    295. 124.27 0.055 0.0305   9.68 0.0230  43.88 -2.11
 100.0 1500.89 1500.50    206. 103.98 0.102 0.0178   9.84 0.0448  73.91 -2.17
 Re =    46.1    42.6    Ie =    983.6   1000.4    Sky =      0.0      0.0
 Synthesize image...        3000  by         3000
Extrapolated outer isophote: r,f,sky,eps =   2415.8      0.1      0.0    0.921
    17923805  function evaluations,   1.99153376      per point
Autoscaling: threshold =  -409.392         saturation =   1323.70    
   r      x0      y0      I0    alpha  ellip I(3x)  A(3x)  I(4x)  A(4x) slope
   7.0 1502.49 1500.86  62048. 147.68 0.080 0.0014 109.13 0.0024  29.40 -0.75
  10.4 1502.56 1500.93  39174. 149.73 0.070 0.0012  85.65 0.0017  39.13 -1.28
  15.0 1502.56 1500.94  23737. 151.49 0.066 0.0076  62.89 0.0033  47.47 -1.55
  20.9 1502.53 1500.97  13459. 148.46 0.063 0.0060  82.58 0.0058  56.34 -1.83
  28.4 1502.41 1501.17   7939. 144.05 0.062 0.0092 101.56 0.0114  81.61 -1.80
  37.8 1502.65 1501.17   4966. 145.25 0.068 0.0110 101.74 0.0052  47.11 -1.80
  49.3 1502.44 1501.13   2997. 143.32 0.060 0.0053   6.79 0.0019  44.04 -2.10
  63.3 1502.45 1501.31   1707. 131.40 0.047 0.0076  11.04 0.0294  31.99 -2.38
  80.1 1502.94 1500.99   1025. 128.19 0.051 0.0356  25.17 0.0366  51.97 -2.22
 100.0 1499.82 1501.86    666.  91.90 0.086 0.0284 116.03 0.0759  70.70 -2.71
 Re =    42.7    40.3    Ie =   3902.4   3837.5    Sky =      0.0      0.0
 Synthesize image...        3000  by         3000
Extrapolated outer isophote: r,f,sky,eps =   2342.0      0.0      0.0    0.932
    17893766  function evaluations,   1.98819625      per point
Autoscaling: threshold =  -132.578         saturation =   132.168    
Autoscaling: threshold =  -371.866         saturation =   386.036    
 >> 